<?xml version="1.0" encoding="UTF-8"?>
<!-- Generated by org.testng.reporters.JUnitReportReporter -->
<testsuite hostname="DESKTOP-U9P7CCI" failures="0" tests="2" name="com.bank.qa.test.ContactPageTest" time="53.523" errors="0" timestamp="16 Apr 2023 14:09:37 GMT" skipped="0">
  <testcase classname="com.bank.qa.test.ContactPageTest" name="fillInContactForm" time="28.833"/>
  <testcase classname="com.bank.qa.test.ContactPageTest" name="fillInContactForm" time="24.690"/>
</testsuite> <!-- com.bank.qa.test.ContactPageTest -->
